25/04/2021 21:57:32 INFO http-nio-8083-exec-2 com.cg.blogging.service.UserService - New Admin Created : Admin [userId=1, adminName=Sachin Gupta, adminContact=sachin@gmail.com]
25/04/2021 21:58:10 INFO http-nio-8083-exec-4 com.cg.blogging.service.UserService - New Admin Created : Admin [userId=2, adminName=Sachin Gupta, adminContact=sachin@gmail.com]
25/04/2021 21:58:49 INFO http-nio-8083-exec-6 com.cg.blogging.service.UserService - New Admin Created : Admin [userId=3, adminName=Sachin Gupta, adminContact=sachin@gmail.com]
25/04/2021 22:01:30 INFO http-nio-8083-exec-9 com.cg.blogging.service.UserService - New Admin Created : Admin [userId=4, adminName=Sachin Gupta, adminContact=sachin@gmail.com]
25/04/2021 22:02:01 INFO http-nio-8083-exec-7 com.cg.blogging.service.UserService - New Admin Created : Admin [userId=5, adminName=SachinGupta, adminContact=sachin@gmail.com]
25/04/2021 22:04:02 INFO http-nio-8083-exec-1 com.cg.blogging.service.BloggerService - New Blogger added : Blogger [userId=6, bloggerName=Satyam, posts=[], comments=[], upvoted=[], downvoted=[], communities=[], karma=0]
25/04/2021 22:19:52 INFO http-nio-8083-exec-2 com.cg.blogging.service.BloggerService - New Blogger added : Blogger [userId=7, bloggerName=Srishti, posts=[], comments=[], upvoted=[], downvoted=[], communities=[], karma=0]
25/04/2021 22:20:05 INFO http-nio-8083-exec-4 com.cg.blogging.service.BloggerService - New Blogger added : Blogger [userId=8, bloggerName=Srishti, posts=[], comments=[], upvoted=[], downvoted=[], communities=[], karma=0]
25/04/2021 22:20:32 INFO http-nio-8083-exec-5 com.cg.blogging.service.BloggerService - New Blogger added : Blogger [userId=9, bloggerName=Kavya, posts=[], comments=[], upvoted=[], downvoted=[], communities=[], karma=0]
25/04/2021 22:55:37 INFO http-nio-8083-exec-5 com.cg.blogging.service.PostService - Post Created : Post [postId=1, title=Post by Satyam  , createdBy=Blogger [userId=6, bloggerName=null, posts=[], comments=[], upvoted=[], downvoted=[], communities=[], karma=0], content=POLL, createdDateTime=null, votes=0, voteUp=false, notSafeForWork=false, spoiler=false, originalContent=false, flair=Flair1, community=Community [communityId=2, communityDescription=null, totalMembers=0, onlineMembers=0, createdOn=null, postRulesAllowed=null, postRulesDisAllowed=null, banningPolicy=null, flairs=null]]
25/04/2021 22:56:42 INFO http-nio-8083-exec-7 com.cg.blogging.service.PostService - Post Created : Post [postId=2, title=Post by Satyam , createdBy=Blogger [userId=6, bloggerName=null, posts=[], comments=[], upvoted=[], downvoted=[], communities=[], karma=0], content=POLL, createdDateTime=null, votes=0, voteUp=false, notSafeForWork=false, spoiler=false, originalContent=false, flair=Flair1, community=Community [communityId=2, communityDescription=null, totalMembers=0, onlineMembers=0, createdOn=null, postRulesAllowed=null, postRulesDisAllowed=null, banningPolicy=null, flairs=null]]
25/04/2021 22:57:41 INFO http-nio-8083-exec-9 com.cg.blogging.service.PostService - Post Created : Post [postId=3, title=Post by Satyam , createdBy=Blogger [userId=6, bloggerName=null, posts=[], comments=[], upvoted=[], downvoted=[], communities=[], karma=0], content=POLL, createdDateTime=null, votes=0, voteUp=false, notSafeForWork=false, spoiler=false, originalContent=false, flair=Flair1, community=Community [communityId=2, communityDescription=null, totalMembers=0, onlineMembers=0, createdOn=null, postRulesAllowed=null, postRulesDisAllowed=null, banningPolicy=null, flairs=null]]
25/04/2021 22:59:14 INFO http-nio-8083-exec-7 com.cg.blogging.service.PostService - Post Created : Post [postId=4, title=Post by Satyam , createdBy=Blogger [userId=6, bloggerName=null, posts=[], comments=[], upvoted=[], downvoted=[], communities=[], karma=0], content=POLL, createdDateTime=null, votes=0, voteUp=false, notSafeForWork=false, spoiler=false, originalContent=false, flair=Flair1, community=Community [communityId=2, communityDescription=null, totalMembers=0, onlineMembers=0, createdOn=null, postRulesAllowed=null, postRulesDisAllowed=null, banningPolicy=null, flairs=null]]
25/04/2021 22:59:37 INFO http-nio-8083-exec-5 com.cg.blogging.service.PostService - Post Created : Post [postId=5, title=PostBySatyam, createdBy=Blogger [userId=6, bloggerName=null, posts=[], comments=[], upvoted=[], downvoted=[], communities=[], karma=0], content=POLL, createdDateTime=null, votes=0, voteUp=false, notSafeForWork=false, spoiler=false, originalContent=false, flair=Flair1, community=Community [communityId=2, communityDescription=null, totalMembers=0, onlineMembers=0, createdOn=null, postRulesAllowed=null, postRulesDisAllowed=null, banningPolicy=null, flairs=null]]
25/04/2021 23:02:00 INFO http-nio-8083-exec-1 com.cg.blogging.service.PostService - Post Created : Post [postId=6, title=Post By Kavya, createdBy=Blogger [userId=9, bloggerName=null, posts=[], comments=[], upvoted=[], downvoted=[], communities=[], karma=0], content=POLL, createdDateTime=null, votes=0, voteUp=false, notSafeForWork=false, spoiler=false, originalContent=false, flair=Flair1, community=Community [communityId=1, communityDescription=null, totalMembers=0, onlineMembers=0, createdOn=null, postRulesAllowed=null, postRulesDisAllowed=null, banningPolicy=null, flairs=null]]
25/04/2021 23:06:36 INFO http-nio-8083-exec-2 com.cg.blogging.service.PostService - Post Created : Post [postId=7, title=Post By Kavya, createdBy=Blogger [userId=9, bloggerName=null, posts=[], comments=[], upvoted=[], downvoted=[], communities=[], karma=0], content=POLL, createdDateTime=null, votes=0, voteUp=false, notSafeForWork=false, spoiler=false, originalContent=false, flair=Flair1, community=Community [communityId=1, communityDescription=null, totalMembers=0, onlineMembers=0, createdOn=null, postRulesAllowed=null, postRulesDisAllowed=null, banningPolicy=null, flairs=null]]
25/04/2021 23:14:44 INFO http-nio-8083-exec-5 com.cg.blogging.service.UserService - New Admin Created : Admin [userId=10, adminName=Akhil, adminContact=akhil@gmail.com]
25/04/2021 23:20:13 INFO http-nio-8083-exec-2 com.cg.blogging.service.UserService - User Signed In : User [userId=5, password=Sachin%123, role=ADMIN]
25/04/2021 23:20:22 INFO http-nio-8083-exec-3 com.cg.blogging.service.UserService - User Signed In : User [userId=5, password=Sachin%123, role=ADMIN]
25/04/2021 23:20:33 INFO http-nio-8083-exec-4 com.cg.blogging.service.UserService - User Signed In : User [userId=5, password=Sachin%123, role=ADMIN]
25/04/2021 23:28:09 INFO http-nio-8083-exec-5 com.cg.blogging.service.CommentService - Comment added : Comment [commentId=1, commentDescription=First comment, votes=0, blogger=Blogger [userId=8, bloggerName=null, posts=[], comments=[], upvoted=[], downvoted=[], communities=[], karma=0], post=Post [postId=5, title=null, createdBy=null, content=null, createdDateTime=null, votes=0, voteUp=false, notSafeForWork=false, spoiler=false, originalContent=false, flair=null, community=null], voteUp=false]
25/04/2021 23:28:43 INFO http-nio-8083-exec-6 com.cg.blogging.service.CommentService - Comment added : Comment [commentId=2, commentDescription=Second comment, votes=0, blogger=Blogger [userId=6, bloggerName=null, posts=[], comments=[], upvoted=[], downvoted=[], communities=[], karma=0], post=Post [postId=5, title=null, createdBy=null, content=null, createdDateTime=null, votes=0, voteUp=false, notSafeForWork=false, spoiler=false, originalContent=false, flair=null, community=null], voteUp=false]
25/04/2021 23:39:33 INFO http-nio-8083-exec-3 com.cg.blogging.service.BloggerService - New Blogger added : Blogger [userId=11, bloggerName=Kavya, posts=[], comments=[], upvoted=[], downvoted=[], communities=[], karma=0]
25/04/2021 23:42:52 INFO http-nio-8083-exec-1 com.cg.blogging.service.PostService - Post Created : Post [postId=8, title=Post By Kavya, createdBy=Blogger [userId=11, bloggerName=null, posts=[], comments=[], upvoted=[], downvoted=[], communities=[], karma=0], content=POLL, createdDateTime=null, votes=0, voteUp=false, notSafeForWork=false, spoiler=false, originalContent=false, flair=Flair1, community=Community [communityId=3, communityDescription=null, totalMembers=0, onlineMembers=0, createdOn=null, postRulesAllowed=null, postRulesDisAllowed=null, banningPolicy=null, flairs=null]]
25/04/2021 23:43:23 INFO http-nio-8083-exec-3 com.cg.blogging.service.PostService - Post Created : Post [postId=9, title=Post By Kavya in sports, createdBy=Blogger [userId=11, bloggerName=null, posts=[], comments=[], upvoted=[], downvoted=[], communities=[], karma=0], content=TEXT, createdDateTime=null, votes=0, voteUp=false, notSafeForWork=false, spoiler=false, originalContent=false, flair=Flair1, community=Community [communityId=2, communityDescription=null, totalMembers=0, onlineMembers=0, createdOn=null, postRulesAllowed=null, postRulesDisAllowed=null, banningPolicy=null, flairs=null]]
25/04/2021 23:45:42 INFO http-nio-8083-exec-8 com.cg.blogging.service.CommentService - Comment added : Comment [commentId=3, commentDescription=Second comment, votes=0, blogger=Blogger [userId=11, bloggerName=null, posts=[], comments=[], upvoted=[], downvoted=[], communities=[], karma=0], post=Post [postId=8, title=null, createdBy=null, content=null, createdDateTime=null, votes=0, voteUp=false, notSafeForWork=false, spoiler=false, originalContent=false, flair=null, community=null], voteUp=false]
25/04/2021 23:47:07 INFO http-nio-8083-exec-2 com.cg.blogging.service.CommentService - Comment added : Comment [commentId=4, commentDescription=Third Comment, votes=0, blogger=Blogger [userId=11, bloggerName=null, posts=[], comments=[], upvoted=[], downvoted=[], communities=[], karma=0], post=Post [postId=8, title=null, createdBy=null, content=null, createdDateTime=null, votes=0, voteUp=false, notSafeForWork=false, spoiler=false, originalContent=false, flair=null, community=null], voteUp=false]
26/04/2021 01:07:11 INFO http-nio-8083-exec-1 com.cg.blogging.service.UserService - New Admin Created : Admin [userId=1, adminName=Akhil, adminContact=akhil@gmail.com]
26/04/2021 01:07:48 INFO http-nio-8083-exec-3 com.cg.blogging.service.UserService - New Admin Created : Admin [userId=2, adminName=Lalit Gusain, adminContact=lalit@gmail.com]
26/04/2021 01:09:13 INFO http-nio-8083-exec-2 com.cg.blogging.service.UserService - New Admin Created : Admin [userId=3, adminName=Lalit Gusain, adminContact=lalit@gmail.com]
26/04/2021 01:09:53 INFO http-nio-8083-exec-3 com.cg.blogging.service.BloggerService - New Blogger added : Blogger [userId=4, bloggerName=Kavya, posts=[], comments=[], upvoted=[], downvoted=[], communities=[], karma=0]
26/04/2021 01:10:06 INFO http-nio-8083-exec-4 com.cg.blogging.service.BloggerService - New Blogger added : Blogger [userId=5, bloggerName=Sachin Gupta, posts=[], comments=[], upvoted=[], downvoted=[], communities=[], karma=0]
26/04/2021 01:10:40 INFO http-nio-8083-exec-2 com.cg.blogging.service.BloggerService - New Blogger added : Blogger [userId=6, bloggerName=Sachin Gupta, posts=[], comments=[], upvoted=[], downvoted=[], communities=[], karma=0]
26/04/2021 01:10:57 INFO http-nio-8083-exec-3 com.cg.blogging.service.BloggerService - New Blogger added : Blogger [userId=7, bloggerName=Annu Kamat, posts=[], comments=[], upvoted=[], downvoted=[], communities=[], karma=0]
26/04/2021 01:11:09 INFO http-nio-8083-exec-4 com.cg.blogging.service.BloggerService - New Blogger added : Blogger [userId=8, bloggerName=Saiyam, posts=[], comments=[], upvoted=[], downvoted=[], communities=[], karma=0]
26/04/2021 01:12:34 INFO http-nio-8083-exec-7 com.cg.blogging.service.PostService - Post Created : Post [postId=1, title=Post By Saiyam, createdBy=Blogger [userId=8, bloggerName=null, posts=[], comments=[], upvoted=[], downvoted=[], communities=[], karma=0], content=TEXT, createdDateTime=null, votes=0, voteUp=false, notSafeForWork=false, spoiler=false, originalContent=false, flair=Flair1, community=Community [communityId=2, communityDescription=null, totalMembers=0, onlineMembers=0, createdOn=null, postRulesAllowed=null, postRulesDisAllowed=null, banningPolicy=null, flairs=null]]
26/04/2021 01:19:25 INFO http-nio-8083-exec-2 com.cg.blogging.service.PostService - Post Created : Post [postId=2, title=Post By Annu, createdBy=Blogger [userId=7, bloggerName=null, posts=[], comments=[], upvoted=[], downvoted=[], communities=[], karma=0], content=POLL, createdDateTime=null, votes=0, voteUp=false, notSafeForWork=false, spoiler=false, originalContent=false, flair=Flair2, community=Community [communityId=1, communityDescription=null, totalMembers=0, onlineMembers=0, createdOn=null, postRulesAllowed=null, postRulesDisAllowed=null, banningPolicy=null, flairs=null]]
26/04/2021 01:25:47 INFO http-nio-8083-exec-2 com.cg.blogging.service.PostService - Post Created : Post [postId=3, title=Post By Saiyam, createdBy=Blogger [userId=8, bloggerName=null, posts=[], comments=[], upvoted=[], downvoted=[], communities=[], karma=0], content=POLL, createdDateTime=null, votes=0, voteUp=false, notSafeForWork=false, spoiler=false, originalContent=false, flair=Flair2, community=Community [communityId=2, communityDescription=null, totalMembers=0, onlineMembers=0, createdOn=null, postRulesAllowed=null, postRulesDisAllowed=null, banningPolicy=null, flairs=null]]
26/04/2021 02:00:16 INFO http-nio-8083-exec-4 com.cg.blogging.service.PostService - Post Created : Post [postId=4, title=Post By Saiyam, createdBy=Blogger [userId=7, bloggerName=null, posts=[], comments=[], upvoted=[], downvoted=[], communities=[], karma=0], content=POLL, createdDateTime=null, votes=0, voteUp=false, notSafeForWork=false, spoiler=false, originalContent=false, flair=Flair2, community=Community [communityId=2, communityDescription=null, totalMembers=0, onlineMembers=0, createdOn=null, postRulesAllowed=null, postRulesDisAllowed=null, banningPolicy=null, flairs=null]]
26/04/2021 02:02:48 INFO http-nio-8083-exec-2 com.cg.blogging.service.BloggerService - Blogger Data Updated : Blogger [userId=8, bloggerName=Srishti, posts=[], comments=[], upvoted=[], downvoted=[], communities=[Community [communityId=2, communityDescription=Sports Community, totalMembers=45, onlineMembers=5, createdOn=2021-04-26T01:11:52, postRulesAllowed=[Rule1], postRulesDisAllowed=[Rule1, Rule2], banningPolicy=[Policy1, Policy2], flairs=[Flair1, Flair2]]], karma=15]
26/04/2021 02:26:59 INFO http-nio-8083-exec-1 com.cg.blogging.service.CommunityService - Community created : Community [communityId=3, communityDescription=Bollywood Community, totalMembers=126, onlineMembers=50, createdOn=null, postRulesAllowed=[Rule1, Rule2, Rule3, Rule4], postRulesDisAllowed=[Rule1, Rule2, Rule3], banningPolicy=[Policy1], flairs=[Flair1, Flair2]]
26/04/2021 02:27:41 INFO http-nio-8083-exec-4 com.cg.blogging.service.CommunityService - Community created : Community [communityId=4, communityDescription=Politics Community, totalMembers=700, onlineMembers=450, createdOn=null, postRulesAllowed=[Rule1, Rule2, Rule3], postRulesDisAllowed=[Rule1, Rule2, Rule3], banningPolicy=[Policy1, Policy2, Policy3], flairs=[Flair1, Flair2, Flair3, Flair4]]
26/04/2021 02:28:19 INFO http-nio-8083-exec-5 com.cg.blogging.service.BloggerService - Blogger Data Updated : Blogger [userId=8, bloggerName=Srishti, posts=[], comments=[], upvoted=[], downvoted=[], communities=[Community [communityId=1, communityDescription=Science Community, totalMembers=150, onlineMembers=75, createdOn=2021-04-26T01:11:24, postRulesAllowed=[Rule1, Rule2], postRulesDisAllowed=[Rule1, Rule2, Rule3, Rule4, Rule5], banningPolicy=[Policy1, Policy2], flairs=[Flair1, Flair2, Flair3]], Community [communityId=2, communityDescription=Sports Community, totalMembers=45, onlineMembers=5, createdOn=2021-04-26T01:11:52, postRulesAllowed=[Rule1], postRulesDisAllowed=[Rule1, Rule2], banningPolicy=[Policy1, Policy2], flairs=[Flair1, Flair2]], Community [communityId=3, communityDescription=Bollywood Community, totalMembers=126, onlineMembers=50, createdOn=2021-04-26T02:26:59, postRulesAllowed=[Rule1, Rule2, Rule3, Rule4], postRulesDisAllowed=[Rule1, Rule2, Rule3], banningPolicy=[Policy1], flairs=[Flair1, Flair2]], Community [communityId=4, communityDescription=Politics Community, totalMembers=700, onlineMembers=450, createdOn=2021-04-26T02:27:41, postRulesAllowed=[Rule1, Rule2, Rule3], postRulesDisAllowed=[Rule1, Rule2, Rule3], banningPolicy=[Policy1, Policy2, Policy3], flairs=[Flair1, Flair2, Flair3, Flair4]]], karma=15]
26/04/2021 02:28:52 INFO http-nio-8083-exec-6 com.cg.blogging.service.BloggerService - Blogger Data Updated : Blogger [userId=7, bloggerName=Sachin Gupta, posts=[], comments=[], upvoted=[], downvoted=[], communities=[Community [communityId=3, communityDescription=Bollywood Community, totalMembers=126, onlineMembers=50, createdOn=2021-04-26T02:26:59, postRulesAllowed=[Rule1, Rule2, Rule3, Rule4], postRulesDisAllowed=[Rule1, Rule2, Rule3], banningPolicy=[Policy1], flairs=[Flair1, Flair2]], Community [communityId=4, communityDescription=Politics Community, totalMembers=700, onlineMembers=450, createdOn=2021-04-26T02:27:41, postRulesAllowed=[Rule1, Rule2, Rule3], postRulesDisAllowed=[Rule1, Rule2, Rule3], banningPolicy=[Policy1, Policy2, Policy3], flairs=[Flair1, Flair2, Flair3, Flair4]]], karma=50]
26/04/2021 02:29:25 INFO http-nio-8083-exec-7 com.cg.blogging.service.BloggerService - Blogger Data Updated : Blogger [userId=6, bloggerName=Annu Kamat, posts=[], comments=[], upvoted=[], downvoted=[], communities=[Community [communityId=3, communityDescription=Bollywood Community, totalMembers=126, onlineMembers=50, createdOn=2021-04-26T02:26:59, postRulesAllowed=[Rule1, Rule2, Rule3, Rule4], postRulesDisAllowed=[Rule1, Rule2, Rule3], banningPolicy=[Policy1], flairs=[Flair1, Flair2]], Community [communityId=4, communityDescription=Politics Community, totalMembers=700, onlineMembers=450, createdOn=2021-04-26T02:27:41, postRulesAllowed=[Rule1, Rule2, Rule3], postRulesDisAllowed=[Rule1, Rule2, Rule3], banningPolicy=[Policy1, Policy2, Policy3], flairs=[Flair1, Flair2, Flair3, Flair4]]], karma=35]
26/04/2021 08:48:28 INFO main com.cg.blogging.service.BloggerService - New Blogger added : Blogger [userId=9, bloggerName=Sachin Gupta, posts=[], comments=[], upvoted=[], downvoted=[], communities=[], karma=0]
26/04/2021 08:50:27 INFO main com.cg.blogging.service.BloggerService - New Blogger added : Blogger [userId=10, bloggerName=Sachin Gupta, posts=[], comments=[], upvoted=[], downvoted=[], communities=[], karma=0]
26/04/2021 08:57:47 INFO main com.cg.blogging.service.BloggerService - New Blogger added : Blogger [userId=11, bloggerName=Sachin Gupta, posts=[], comments=[], upvoted=[], downvoted=[], communities=[], karma=0]
26/04/2021 08:58:50 INFO main com.cg.blogging.service.BloggerService - New Blogger added : Blogger [userId=12, bloggerName=Sachin Gupta, posts=[], comments=[], upvoted=[], downvoted=[], communities=[], karma=0]
26/04/2021 09:02:24 INFO main com.cg.blogging.service.BloggerService - New Blogger added : Blogger [userId=13, bloggerName=Sachin Gupta, posts=[], comments=[], upvoted=[], downvoted=[], communities=[], karma=0]
26/04/2021 09:08:37 INFO main com.cg.blogging.service.BloggerService - New Blogger added : Blogger [userId=14, bloggerName=Sachin Gupta, posts=[], comments=[], upvoted=[], downvoted=[], communities=[], karma=0]
26/04/2021 09:10:08 INFO main com.cg.blogging.service.BloggerService - New Blogger added : Blogger [userId=15, bloggerName=Sachin, posts=[], comments=[], upvoted=[], downvoted=[], communities=[], karma=0]
26/04/2021 09:10:08 INFO main com.cg.blogging.service.BloggerService - Blogger Data Updated : Blogger [userId=15, bloggerName=Satyam, posts=[], comments=[], upvoted=[], downvoted=[], communities=[], karma=50]
26/04/2021 09:10:08 INFO main com.cg.blogging.service.BloggerService - New Blogger added : Blogger [userId=16, bloggerName=Sachin Gupta, posts=[], comments=[], upvoted=[], downvoted=[], communities=[], karma=0]
26/04/2021 09:13:20 INFO main com.cg.blogging.service.BloggerService - New Blogger added : Blogger [userId=17, bloggerName=Sachin, posts=[], comments=[], upvoted=[], downvoted=[], communities=[], karma=0]
26/04/2021 09:13:20 INFO main com.cg.blogging.service.BloggerService - Blogger Data Updated : Blogger [userId=17, bloggerName=Satyam, posts=[], comments=[], upvoted=[], downvoted=[], communities=[], karma=50]
26/04/2021 09:13:20 INFO main com.cg.blogging.service.BloggerService - New Blogger added : Blogger [userId=18, bloggerName=Sachin Gupta, posts=[], comments=[], upvoted=[], downvoted=[], communities=[], karma=0]
26/04/2021 09:13:20 INFO main com.cg.blogging.service.BloggerService - New Blogger added : Blogger [userId=19, bloggerName=Sachin, posts=[], comments=[], upvoted=[], downvoted=[], communities=[], karma=0]
26/04/2021 09:13:20 INFO main com.cg.blogging.service.BloggerService - Blogger Deleted : Blogger [userId=19, bloggerName=Sachin, posts=[], comments=[], upvoted=[], downvoted=[], communities=[], karma=0]
26/04/2021 09:15:21 INFO main com.cg.blogging.service.BloggerService - New Blogger added : Blogger [userId=20, bloggerName=Sachin, posts=[], comments=[], upvoted=[], downvoted=[], communities=[], karma=0]
26/04/2021 09:15:21 INFO main com.cg.blogging.service.BloggerService - Blogger Data Updated : Blogger [userId=20, bloggerName=Satyam, posts=[], comments=[], upvoted=[], downvoted=[], communities=[], karma=50]
26/04/2021 09:15:22 INFO main com.cg.blogging.service.BloggerService - New Blogger added : Blogger [userId=21, bloggerName=Sachin Gupta, posts=[], comments=[], upvoted=[], downvoted=[], communities=[], karma=0]
26/04/2021 09:15:22 INFO main com.cg.blogging.service.BloggerService - New Blogger added : Blogger [userId=22, bloggerName=Sachin, posts=[], comments=[], upvoted=[], downvoted=[], communities=[], karma=0]
26/04/2021 09:15:22 INFO main com.cg.blogging.service.BloggerService - New Blogger added : Blogger [userId=23, bloggerName=Sachin, posts=[], comments=[], upvoted=[], downvoted=[], communities=[], karma=0]
26/04/2021 09:15:22 INFO main com.cg.blogging.service.BloggerService - Blogger Deleted : Blogger [userId=23, bloggerName=Sachin, posts=[], comments=[], upvoted=[], downvoted=[], communities=[], karma=0]
26/04/2021 09:18:22 INFO main com.cg.blogging.service.BloggerService - New Blogger added : Blogger [userId=24, bloggerName=Sachin, posts=[], comments=[], upvoted=[], downvoted=[], communities=[], karma=0]
26/04/2021 09:18:22 INFO main com.cg.blogging.service.BloggerService - New Blogger added : Blogger [userId=25, bloggerName=Sachin, posts=[], comments=[], upvoted=[], downvoted=[], communities=[], karma=0]
26/04/2021 09:18:22 INFO main com.cg.blogging.service.BloggerService - New Blogger added : Blogger [userId=26, bloggerName=Sachin, posts=[], comments=[], upvoted=[], downvoted=[], communities=[], karma=0]
26/04/2021 09:18:23 INFO main com.cg.blogging.service.BloggerService - New Blogger added : Blogger [userId=27, bloggerName=Sachin, posts=[], comments=[], upvoted=[], downvoted=[], communities=[], karma=0]
26/04/2021 09:18:23 INFO main com.cg.blogging.service.BloggerService - Blogger Data Updated : Blogger [userId=27, bloggerName=Satyam, posts=[], comments=[], upvoted=[], downvoted=[], communities=[], karma=50]
26/04/2021 09:18:23 INFO main com.cg.blogging.service.BloggerService - New Blogger added : Blogger [userId=28, bloggerName=Sachin Gupta, posts=[], comments=[], upvoted=[], downvoted=[], communities=[], karma=0]
26/04/2021 09:18:23 INFO main com.cg.blogging.service.BloggerService - New Blogger added : Blogger [userId=29, bloggerName=Sachin, posts=[], comments=[], upvoted=[], downvoted=[], communities=[], karma=0]
26/04/2021 09:18:23 INFO main com.cg.blogging.service.BloggerService - New Blogger added : Blogger [userId=30, bloggerName=Sachin, posts=[], comments=[], upvoted=[], downvoted=[], communities=[], karma=0]
26/04/2021 09:18:23 INFO main com.cg.blogging.service.BloggerService - Blogger Deleted : Blogger [userId=30, bloggerName=Sachin, posts=[], comments=[], upvoted=[], downvoted=[], communities=[], karma=0]
26/04/2021 09:20:04 INFO main com.cg.blogging.service.BloggerService - New Blogger added : Blogger [userId=31, bloggerName=Sachin, posts=[], comments=[], upvoted=[], downvoted=[], communities=[], karma=0]
26/04/2021 09:20:04 INFO main com.cg.blogging.service.BloggerService - Blogger Data Updated : Blogger [userId=31, bloggerName=Satyam, posts=[], comments=[], upvoted=[], downvoted=[], communities=[], karma=50]
26/04/2021 09:20:04 INFO main com.cg.blogging.service.BloggerService - New Blogger added : Blogger [userId=32, bloggerName=Sachin Gupta, posts=[], comments=[], upvoted=[], downvoted=[], communities=[], karma=0]
26/04/2021 09:20:04 INFO main com.cg.blogging.service.BloggerService - New Blogger added : Blogger [userId=33, bloggerName=Sachin, posts=[], comments=[], upvoted=[], downvoted=[], communities=[], karma=0]
26/04/2021 09:20:04 INFO main com.cg.blogging.service.BloggerService - New Blogger added : Blogger [userId=34, bloggerName=Sachin, posts=[], comments=[], upvoted=[], downvoted=[], communities=[], karma=0]
26/04/2021 09:20:04 INFO main com.cg.blogging.service.BloggerService - Blogger Deleted : Blogger [userId=34, bloggerName=Sachin, posts=[], comments=[], upvoted=[], downvoted=[], communities=[], karma=0]
26/04/2021 09:48:23 INFO main com.cg.blogging.service.BloggerService - New Blogger added : Blogger [userId=35, bloggerName=Sachin, posts=[], comments=[], upvoted=[], downvoted=[], communities=[], karma=0]
26/04/2021 09:48:23 INFO main com.cg.blogging.service.BloggerService - Blogger Data Updated : Blogger [userId=35, bloggerName=Satyam, posts=[], comments=[], upvoted=[], downvoted=[], communities=[], karma=50]
26/04/2021 09:48:23 INFO main com.cg.blogging.service.BloggerService - New Blogger added : Blogger [userId=36, bloggerName=Sachin Gupta, posts=[], comments=[], upvoted=[], downvoted=[], communities=[], karma=0]
26/04/2021 09:48:23 INFO main com.cg.blogging.service.BloggerService - New Blogger added : Blogger [userId=37, bloggerName=Sachin, posts=[], comments=[], upvoted=[], downvoted=[], communities=[], karma=0]
26/04/2021 09:48:23 INFO main com.cg.blogging.service.BloggerService - New Blogger added : Blogger [userId=38, bloggerName=Sachin, posts=[], comments=[], upvoted=[], downvoted=[], communities=[], karma=0]
26/04/2021 09:48:23 INFO main com.cg.blogging.service.BloggerService - Blogger Deleted : Blogger [userId=38, bloggerName=Sachin, posts=[], comments=[], upvoted=[], downvoted=[], communities=[], karma=0]
26/04/2021 09:56:52 INFO main com.cg.blogging.service.BloggerService - New Blogger added : Blogger [userId=39, bloggerName=Sachin, posts=[], comments=[], upvoted=[], downvoted=[], communities=[], karma=0]
26/04/2021 09:56:52 INFO main com.cg.blogging.service.BloggerService - Blogger Data Updated : Blogger [userId=39, bloggerName=Satyam, posts=[], comments=[], upvoted=[], downvoted=[], communities=[], karma=50]
26/04/2021 09:56:52 INFO main com.cg.blogging.service.BloggerService - New Blogger added : Blogger [userId=40, bloggerName=Sachin Gupta, posts=[], comments=[], upvoted=[], downvoted=[], communities=[], karma=0]
26/04/2021 09:56:52 INFO main com.cg.blogging.service.BloggerService - New Blogger added : Blogger [userId=41, bloggerName=Sachin, posts=[], comments=[], upvoted=[], downvoted=[], communities=[], karma=0]
26/04/2021 09:56:52 INFO main com.cg.blogging.service.BloggerService - New Blogger added : Blogger [userId=42, bloggerName=Sachin, posts=[], comments=[], upvoted=[], downvoted=[], communities=[], karma=0]
26/04/2021 09:56:52 INFO main com.cg.blogging.service.BloggerService - Blogger Deleted : Blogger [userId=42, bloggerName=Sachin, posts=[], comments=[], upvoted=[], downvoted=[], communities=[], karma=0]
26/04/2021 09:57:10 INFO main com.cg.blogging.service.BloggerService - New Blogger added : Blogger [userId=43, bloggerName=Sachin, posts=[], comments=[], upvoted=[], downvoted=[], communities=[], karma=0]
26/04/2021 09:57:10 INFO main com.cg.blogging.service.BloggerService - Blogger Data Updated : Blogger [userId=43, bloggerName=Satyam, posts=[], comments=[], upvoted=[], downvoted=[], communities=[], karma=50]
26/04/2021 09:57:10 INFO main com.cg.blogging.service.BloggerService - New Blogger added : Blogger [userId=44, bloggerName=Sachin Gupta, posts=[], comments=[], upvoted=[], downvoted=[], communities=[], karma=0]
26/04/2021 09:57:10 INFO main com.cg.blogging.service.BloggerService - New Blogger added : Blogger [userId=45, bloggerName=Sachin, posts=[], comments=[], upvoted=[], downvoted=[], communities=[], karma=0]
26/04/2021 09:57:10 INFO main com.cg.blogging.service.BloggerService - New Blogger added : Blogger [userId=46, bloggerName=Sachin, posts=[], comments=[], upvoted=[], downvoted=[], communities=[], karma=0]
26/04/2021 09:57:10 INFO main com.cg.blogging.service.BloggerService - Blogger Deleted : Blogger [userId=46, bloggerName=Sachin, posts=[], comments=[], upvoted=[], downvoted=[], communities=[], karma=0]
26/04/2021 09:58:48 INFO main com.cg.blogging.service.BloggerService - New Blogger added : Blogger [userId=47, bloggerName=Sachin, posts=[], comments=[], upvoted=[], downvoted=[], communities=[], karma=0]
26/04/2021 09:58:48 INFO main com.cg.blogging.service.BloggerService - New Blogger added : Blogger [userId=48, bloggerName=Sachin, posts=[], comments=[], upvoted=[], downvoted=[], communities=[], karma=0]
26/04/2021 09:58:48 INFO main com.cg.blogging.service.BloggerService - New Blogger added : Blogger [userId=49, bloggerName=Sachin, posts=[], comments=[], upvoted=[], downvoted=[], communities=[], karma=0]
26/04/2021 09:58:48 INFO main com.cg.blogging.service.BloggerService - New Blogger added : Blogger [userId=50, bloggerName=Sachin, posts=[], comments=[], upvoted=[], downvoted=[], communities=[], karma=0]
26/04/2021 09:58:48 INFO main com.cg.blogging.service.BloggerService - Blogger Data Updated : Blogger [userId=50, bloggerName=Satyam, posts=[], comments=[], upvoted=[], downvoted=[], communities=[], karma=50]
26/04/2021 09:58:48 INFO main com.cg.blogging.service.BloggerService - New Blogger added : Blogger [userId=51, bloggerName=Sachin Gupta, posts=[], comments=[], upvoted=[], downvoted=[], communities=[], karma=0]
26/04/2021 09:58:48 INFO main com.cg.blogging.service.BloggerService - New Blogger added : Blogger [userId=52, bloggerName=Sachin, posts=[], comments=[], upvoted=[], downvoted=[], communities=[], karma=0]
26/04/2021 09:58:48 INFO main com.cg.blogging.service.BloggerService - New Blogger added : Blogger [userId=53, bloggerName=Sachin, posts=[], comments=[], upvoted=[], downvoted=[], communities=[], karma=0]
26/04/2021 09:58:48 INFO main com.cg.blogging.service.BloggerService - Blogger Deleted : Blogger [userId=53, bloggerName=Sachin, posts=[], comments=[], upvoted=[], downvoted=[], communities=[], karma=0]
26/04/2021 09:59:37 INFO main com.cg.blogging.service.BloggerService - New Blogger added : Blogger [userId=54, bloggerName=Sachin, posts=[], comments=[], upvoted=[], downvoted=[], communities=[], karma=0]
26/04/2021 09:59:37 INFO main com.cg.blogging.service.BloggerService - New Blogger added : Blogger [userId=55, bloggerName=Sachin, posts=[], comments=[], upvoted=[], downvoted=[], communities=[], karma=0]
26/04/2021 09:59:37 INFO main com.cg.blogging.service.BloggerService - New Blogger added : Blogger [userId=56, bloggerName=Sachin, posts=[], comments=[], upvoted=[], downvoted=[], communities=[], karma=0]
26/04/2021 09:59:37 INFO main com.cg.blogging.service.BloggerService - New Blogger added : Blogger [userId=57, bloggerName=Sachin, posts=[], comments=[], upvoted=[], downvoted=[], communities=[], karma=0]
26/04/2021 09:59:37 INFO main com.cg.blogging.service.BloggerService - Blogger Data Updated : Blogger [userId=57, bloggerName=Satyam, posts=[], comments=[], upvoted=[], downvoted=[], communities=[], karma=50]
26/04/2021 09:59:37 INFO main com.cg.blogging.service.BloggerService - New Blogger added : Blogger [userId=58, bloggerName=Sachin Gupta, posts=[], comments=[], upvoted=[], downvoted=[], communities=[], karma=0]
26/04/2021 09:59:37 INFO main com.cg.blogging.service.BloggerService - New Blogger added : Blogger [userId=59, bloggerName=Sachin, posts=[], comments=[], upvoted=[], downvoted=[], communities=[], karma=0]
26/04/2021 09:59:37 INFO main com.cg.blogging.service.BloggerService - New Blogger added : Blogger [userId=60, bloggerName=Sachin, posts=[], comments=[], upvoted=[], downvoted=[], communities=[], karma=0]
26/04/2021 09:59:37 INFO main com.cg.blogging.service.BloggerService - Blogger Deleted : Blogger [userId=60, bloggerName=Sachin, posts=[], comments=[], upvoted=[], downvoted=[], communities=[], karma=0]
26/04/2021 10:00:59 INFO main com.cg.blogging.service.BloggerService - New Blogger added : Blogger [userId=61, bloggerName=Sachin, posts=[], comments=[], upvoted=[], downvoted=[], communities=[], karma=0]
26/04/2021 10:00:59 INFO main com.cg.blogging.service.BloggerService - New Blogger added : Blogger [userId=62, bloggerName=Sachin, posts=[], comments=[], upvoted=[], downvoted=[], communities=[], karma=0]
26/04/2021 10:00:59 INFO main com.cg.blogging.service.BloggerService - New Blogger added : Blogger [userId=63, bloggerName=Sachin, posts=[], comments=[], upvoted=[], downvoted=[], communities=[], karma=0]
26/04/2021 10:00:59 INFO main com.cg.blogging.service.BloggerService - New Blogger added : Blogger [userId=64, bloggerName=Sachin, posts=[], comments=[], upvoted=[], downvoted=[], communities=[], karma=0]
26/04/2021 10:00:59 INFO main com.cg.blogging.service.BloggerService - Blogger Data Updated : Blogger [userId=64, bloggerName=Satyam, posts=[], comments=[], upvoted=[], downvoted=[], communities=[], karma=50]
26/04/2021 10:00:59 INFO main com.cg.blogging.service.BloggerService - New Blogger added : Blogger [userId=65, bloggerName=Sachin Gupta, posts=[], comments=[], upvoted=[], downvoted=[], communities=[], karma=0]
26/04/2021 10:00:59 INFO main com.cg.blogging.service.BloggerService - New Blogger added : Blogger [userId=66, bloggerName=Sachin, posts=[], comments=[], upvoted=[], downvoted=[], communities=[], karma=0]
26/04/2021 10:00:59 INFO main com.cg.blogging.service.BloggerService - New Blogger added : Blogger [userId=67, bloggerName=Sachin, posts=[], comments=[], upvoted=[], downvoted=[], communities=[], karma=0]
26/04/2021 10:00:59 INFO main com.cg.blogging.service.BloggerService - Blogger Deleted : Blogger [userId=67, bloggerName=Sachin, posts=[], comments=[], upvoted=[], downvoted=[], communities=[], karma=0]
26/04/2021 10:02:02 INFO main com.cg.blogging.service.BloggerService - New Blogger added : Blogger [userId=68, bloggerName=Sachin, posts=[], comments=[], upvoted=[], downvoted=[], communities=[], karma=0]
26/04/2021 10:02:02 INFO main com.cg.blogging.service.BloggerService - New Blogger added : Blogger [userId=69, bloggerName=Sachin, posts=[], comments=[], upvoted=[], downvoted=[], communities=[], karma=0]
26/04/2021 10:02:02 INFO main com.cg.blogging.service.BloggerService - New Blogger added : Blogger [userId=70, bloggerName=Sachin, posts=[], comments=[], upvoted=[], downvoted=[], communities=[], karma=0]
26/04/2021 10:02:03 INFO main com.cg.blogging.service.BloggerService - New Blogger added : Blogger [userId=71, bloggerName=Sachin, posts=[], comments=[], upvoted=[], downvoted=[], communities=[], karma=0]
26/04/2021 10:02:03 INFO main com.cg.blogging.service.BloggerService - Blogger Data Updated : Blogger [userId=71, bloggerName=Satyam, posts=[], comments=[], upvoted=[], downvoted=[], communities=[], karma=50]
26/04/2021 10:02:03 INFO main com.cg.blogging.service.BloggerService - New Blogger added : Blogger [userId=72, bloggerName=Sachin Gupta, posts=[], comments=[], upvoted=[], downvoted=[], communities=[], karma=0]
26/04/2021 10:02:03 INFO main com.cg.blogging.service.BloggerService - New Blogger added : Blogger [userId=73, bloggerName=Sachin, posts=[], comments=[], upvoted=[], downvoted=[], communities=[], karma=0]
26/04/2021 10:02:03 INFO main com.cg.blogging.service.BloggerService - New Blogger added : Blogger [userId=74, bloggerName=Sachin, posts=[], comments=[], upvoted=[], downvoted=[], communities=[], karma=0]
26/04/2021 10:02:03 INFO main com.cg.blogging.service.BloggerService - Blogger Deleted : Blogger [userId=74, bloggerName=Sachin, posts=[], comments=[], upvoted=[], downvoted=[], communities=[], karma=0]
26/04/2021 10:03:07 INFO main com.cg.blogging.service.BloggerService - New Blogger added : Blogger [userId=75, bloggerName=Sachin, posts=[], comments=[], upvoted=[], downvoted=[], communities=[], karma=0]
26/04/2021 10:03:07 INFO main com.cg.blogging.service.BloggerService - New Blogger added : Blogger [userId=76, bloggerName=Sachin, posts=[], comments=[], upvoted=[], downvoted=[], communities=[], karma=0]
26/04/2021 10:03:07 INFO main com.cg.blogging.service.BloggerService - New Blogger added : Blogger [userId=77, bloggerName=Sachin, posts=[], comments=[], upvoted=[], downvoted=[], communities=[], karma=0]
26/04/2021 10:03:07 INFO main com.cg.blogging.service.BloggerService - New Blogger added : Blogger [userId=78, bloggerName=Sachin, posts=[], comments=[], upvoted=[], downvoted=[], communities=[], karma=0]
26/04/2021 10:03:07 INFO main com.cg.blogging.service.BloggerService - Blogger Data Updated : Blogger [userId=78, bloggerName=Satyam, posts=[], comments=[], upvoted=[], downvoted=[], communities=[], karma=50]
26/04/2021 10:03:07 INFO main com.cg.blogging.service.BloggerService - New Blogger added : Blogger [userId=79, bloggerName=Sachin Gupta, posts=[], comments=[], upvoted=[], downvoted=[], communities=[], karma=0]
26/04/2021 10:03:07 INFO main com.cg.blogging.service.BloggerService - New Blogger added : Blogger [userId=80, bloggerName=Sachin, posts=[], comments=[], upvoted=[], downvoted=[], communities=[], karma=0]
26/04/2021 10:03:07 INFO main com.cg.blogging.service.BloggerService - New Blogger added : Blogger [userId=81, bloggerName=Sachin, posts=[], comments=[], upvoted=[], downvoted=[], communities=[], karma=0]
26/04/2021 10:03:07 INFO main com.cg.blogging.service.BloggerService - Blogger Deleted : Blogger [userId=81, bloggerName=Sachin, posts=[], comments=[], upvoted=[], downvoted=[], communities=[], karma=0]
26/04/2021 10:09:42 INFO main com.cg.blogging.service.CommentService - Comment added : Comment [commentId=1, commentDescription=Hi, votes=0, blogger=Blogger [userId=2, bloggerName=null, posts=[], comments=[], upvoted=[], downvoted=[], communities=[], karma=0], post=Post [postId=2, title=null, createdBy=null, content=null, createdDateTime=null, votes=0, voteUp=false, notSafeForWork=false, spoiler=false, originalContent=false, flair=null, community=null], voteUp=false]
